<?xml version="1.0" encoding="UTF-8"?>
<!-- Generated by org.testng.reporters.JUnitReportReporter -->
<testsuite skipped="0" hostname="BetulAir.attlocal.net" name="com.class12.Task" tests="1" failures="0" timestamp="02 Jun 2019 18:47:30 GMT" time="3.602" errors="0">
  <testcase name="File" time="3.602" classname="com.class12.Task"/>
</testsuite> <!-- com.class12.Task -->
