<?xml version="1.0" encoding="UTF-8"?>
<!-- Generated by org.testng.reporters.JUnitReportReporter -->
<testsuite skipped="0" hostname="BetulMacBook-Air.local" name="com.class12.BrokenLinkExample" tests="1" failures="0" timestamp="03 Jun 2019 20:09:05 GMT" time="7.484" errors="0">
  <testcase name="Links" time="7.484" classname="com.class12.BrokenLinkExample"/>
</testsuite> <!-- com.class12.BrokenLinkExample -->
