<?xml version="1.0" encoding="UTF-8"?>
<!-- Generated by org.testng.reporters.JUnitReportReporter -->
<testsuite skipped="0" hostname="BetulAir.attlocal.net" name="com.class12.ReadingPropertyFile" tests="1" failures="0" timestamp="02 Jun 2019 17:48:39 GMT" time="0.020" errors="0">
  <testcase name="redFile" time="0.020" classname="com.class12.ReadingPropertyFile"/>
</testsuite> <!-- com.class12.ReadingPropertyFile -->
